Command line:
   tbMarcianos_isim_beh.exe
     -simmode  gui
     -simrunnum  0
     -socket  49866

Sun Dec 06 12:19:50 2015


 Elaboration Time: 0.0625 sec

 Current Memory Usage: 515.523 Meg

 Total Signals          : 28
 Total Nets             : 57
 Total Signal Drivers   : 17
 Total Blocks           : 6
 Total Primitive Blocks : 5
 Total Processes        : 10
 Total Traceable Variables  : 18
 Total Scalar Nets and Variables : 1586
Total Line Count : 51

 Total Simulation Time: 0.0625 sec

 Current Memory Usage: 674.132 Meg

Sun Dec 06 12:21:11 2015

