Command line:
   tbMaquinaEstado_isim_beh.exe
     -simmode  gui
     -simrunnum  0
     -socket  49661

Tue May 10 20:27:22 2016


 Elaboration Time: 0.046875 sec

 Current Memory Usage: 515.092 Meg

 Total Signals          : 21
 Total Nets             : 16
 Total Signal Drivers   : 13
 Total Blocks           : 7
 Total Primitive Blocks : 6
 Total Processes        : 10
 Total Traceable Variables  : 18
 Total Scalar Nets and Variables : 520
Total Line Count : 87

 Total Simulation Time: 0.0625 sec

 Current Memory Usage: 515.092 Meg

Tue May 10 20:27:49 2016

