Running: C:\Xilinx\14.7\ISE_DS\ISE\bin\nt\unwrapped\fuse.exe -intstyle ise -incremental -o C:/Users/Ludovic/Documents/Xilinx/espacio/tbMaquinaEstado_isim_beh.exe -prj C:/Users/Ludovic/Documents/Xilinx/espacio/tbMaquinaEstado_beh.prj work.tbMaquinaEstado 
ISim P.20131013 (signature 0x8ef4fb42)
Number of CPUs detected in this system: 4
Turning on mult-threading, number of parallel sub-compilation jobs: 8 
Determining compilation order of HDL files
Parsing VHDL file "C:/Users/Ludovic/Documents/Xilinx/espacio/partido.vhd" into library work
Parsing VHDL file "C:/Users/Ludovic/Documents/Xilinx/espacio/maquinaEstado.vhd" into library work
Parsing VHDL file "C:/Users/Ludovic/Documents/Xilinx/espacio/tbMaquinaEstado.vhd" into library work
Starting static elaboration
Completed static elaboration
Fuse Memory Usage: 116288 KB
Fuse CPU Usage: 234 ms
Compiling package standard
Compiling package std_logic_1164
Compiling package partido
Compiling package std_logic_arith
Compiling package std_logic_unsigned
Compiling package numeric_std
Compiling architecture behavioral of entity maquinaEstado [maquinaestado_default]
Compiling architecture behavior of entity tbmaquinaestado
Time Resolution for simulation is 1ps.
Waiting for 1 sub-compilation(s) to finish...
Compiled 9 VHDL Units
Built simulation executable C:/Users/Ludovic/Documents/Xilinx/espacio/tbMaquinaEstado_isim_beh.exe
Fuse Memory Usage: 138200 KB
Fuse CPU Usage: 468 ms
